<?xml version="1.0" encoding="UTF-8"?>
<beans xmlns="http://www.springframework.org/schema/beans"
	xmlns:xsi="http://www.w3.org/2001/XMLSchema-instance" xmlns:p="http://www.springframework.org/schema/p"
	xmlns:tx="http://www.springframework.org/schema/tx"
	xsi:schemaLocation="http://www.springframework.org/schema/beans http://www.springframework.org/schema/beans/spring-beans-3.0.xsd
		http://www.springframework.org/schema/tx http://www.springframework.org/schema/tx/spring-tx-3.0.xsd">

	<bean id="viewResolver"
		class="org.springframework.web.servlet.view.InternalResourceViewResolver"
		p:prefix="/WEB-INF/views/" p:suffix=".jsp" />

	<!--
		It's better way to store all messages used in webApp in one place
	-->
	<!-- /WEB-INF/classes/messages.properties -->
	<bean id="messageSource"
		class="org.springframework.context.support.ResourceBundleMessageSource">
		<property name="basename" value="messages" />
	</bean>

	<!-- Configure MySql Connection -->
	<bean id="myDataSource" class="com.mysql.jdbc.jdbc2.optional.MysqlDataSource">
		<property name="url" value="jdbc:mysql://localhost/j2ee" />
		<property name="user" value="j2ee" />
		<property name="password" value="j2ee" />
	</bean>

	<!-- Hibernate properties -->
	<!--
		In test-context we allow output generated sql to console for debug
		purpose
	-->
	<bean id="myHibernateProperties"
		class="org.springframework.beans.factory.config.PropertiesFactoryBean">
		<property name="properties">
			<props>
				<prop key="hibernate.dialect">org.hibernate.dialect.MySQLDialect</prop>
				<!-- For debug purpose only -->
				<prop key="hibernate.show_sql">false</prop> 
				<prop key="hibernate.c3p0.minPoolSize">5</prop>
				<prop key="hibernate.c3p0.maxPoolSize">20</prop>
				<prop key="hibernate.c3p0.timeout">600</prop>
				<prop key="hibernate.c3p0.max_statement">50</prop>
				<prop key="hibernate.c3p0.testConnectionOnCheckout">false</prop>
			</props>
		</property>
	</bean>

	<!--
		To integrate Spring’s aspect-oriented transaction control with
		Hibernate’s ORM, Spring provides a special session factory,
		LocalSessionFactoryBean.
	-->
	<bean id="mySessionFactory"
		class="org.springframework.orm.hibernate3.LocalSessionFactoryBean">

		<!-- Make reference to myDataSource bean -->
		<property name="dataSource" ref="myDataSource" />

		<property name="hibernateProperties">
			<ref bean="myHibernateProperties" />
		</property>

		<!-- Here are the list of Hibernate mapping files -->
		<!-- Must references all OR mapping files. -->
		<property name="mappingResources">
			<list>
				<value>qt/dto/Account.hbm.xml</value>
				<value>qt/dto/GopY.hbm.xml</value>
				<value>qt/dto/TrangThaiGopY.hbm.xml</value>
				<value>qt/dto/DonHang.hbm.xml</value>
				<value>qt/dto/NhanXetDienThoai.hbm.xml</value>
				<value>qt/dto/PhieuNhapDienThoai.hbm.xml</value>
				<value>qt/dto/PhieuNhapPhuKien.hbm.xml</value>
				<value>qt/dto/LoaiTinTuc.hbm.xml</value>
				<value>qt/dto/TinTuc.hbm.xml</value>
				<value>qt/dto/ChiTietDonHang.hbm.xml</value>
				<value>qt/dto/HinhThucThanhToan.hbm.xml</value>
				<value>qt/dto/TrangThaiDonHang.hbm.xml</value>
				<value>qt/dto/SanPham.hbm.xml</value>
				<value>qt/dto/ChiTietHinhAnh.hbm.xml</value>
				<value>qt/dto/ChiTietPhieuNhapDienThoai.hbm.xml</value>
				<value>qt/dto/DienThoai.hbm.xml</value>
				<value>qt/dto/PhuKien.hbm.xml</value>
				<value>qt/dto/ChiTietPhieuNhapPhuKien.hbm.xml</value>
				<value>qt/dto/ChiTietTinKhuyenMaiDienThoai.hbm.xml</value>
				<value>qt/dto/TinKhuyenMaiDienThoai.hbm.xml</value>
				<value>qt/dto/HangDienThoai.hbm.xml</value>
				<value>qt/dto/HeDieuHanh.hbm.xml</value>
				<value>qt/dto/KieuDang.hbm.xml</value>
				<value>qt/dto/LoaiMang.hbm.xml</value>
				<value>qt/dto/LoaiPhuKien.hbm.xml</value>
				<value>qt/dto/NhaCungCap.hbm.xml</value>
				<value>qt/dto/PhongCach.hbm.xml</value>
				<value>qt/dto/TinhTrangSanPham.hbm.xml</value>
				<value>qt/dto/TinGiamGiaPhuKien.hbm.xml</value>
				<value>qt/dto/TinhNangNoiBat.hbm.xml</value>
				<value>qt/dto/DongSanPham.hbm.xml</value>
				<value>qt/dto/CongTy.hbm.xml</value>
			</list>
		</property>
	</bean>

	<tx:annotation-driven transaction-manager="myTxManager" />
	<bean id="myTxManager"
		class="org.springframework.orm.hibernate3.HibernateTransactionManager">
		<property name="sessionFactory" ref="mySessionFactory" />
	</bean>

	<!--
		<bean id="transactionManager"
		class="org.springframework.orm.hibernate.HibernateTransactionManager">
		<property name="sessionFactory"> <ref bean="mySessionFactory" />
		</property> </bean>
	-->


	<bean id="mailSender" class="org.springframework.mail.javamail.JavaMailSenderImpl">
	  <property name="host" value="localhost"/>
	</bean>

	<!-- this is a template message that we can pre-load with default state -->
	<bean id="templateMessage" class="org.springframework.mail.SimpleMailMessage">
	  <property name="from" value="Admin"/>
	  <property name="subject" value="Reset password notification"/>
	</bean>

	<bean id="accountManager" class="qt.test.mail.SimpleAccountManager">
	  <property name="myMailSender" ref="myMailSender"/>
	  <property name="templateMessage" ref="templateMessage"/>
	</bean>
	
	<bean id="myMailSender" class="qt.test.mail.MyMailSender"
          p:host="smtp.gmail.com" 
          p:port="25" 
          p:username="tran.q.the@gmail.com" 
          p:password="admin6g6yt1s"
          p:smtpSSLEnabled="true"/>
	
	
	<!-- =================================================================== -->
	<!-- Vùng DAO Kiếm :) -->
	<!-- =================================================================== -->
	<bean id="congTyDAO" class="qt.dao.CongTyDAO">
		<property name="factory" ref="mySessionFactory" />
	</bean>
	<bean id="dienThoaiDAO" class="qt.dao.DienThoaiDAO">
		<property name="factory" ref="mySessionFactory" />
	</bean>
	<bean id="gopYDAO" class="qt.dao.GopYDAO">
		<property name="factory" ref="mySessionFactory" />
	</bean>
	<bean id="trangThaiGopYDAO" class="qt.dao.TrangThaiGopYDAO">
		<property name="factory" ref="mySessionFactory" />
	</bean>
	<bean id="khachHangDAO" class="qt.dao.KhachHangDAO">
		<property name="factory" ref="mySessionFactory" />
	</bean>
	<bean id="tinTucDAO" class="qt.dao.TinTucDAO">
		<property name="factory" ref="mySessionFactory" />
	</bean>
	<bean id="loaiTinTucDAO" class="qt.dao.LoaiTinTucDAO">
		<property name="factory" ref="mySessionFactory" />
	</bean>
	<bean id="hangDienThoaiDAO" class="qt.dao.HangDienThoaiDAO">
		<property name="factory" ref="mySessionFactory" />
	</bean>
	<bean id="kieuDangDAO" class="qt.dao.KieuDangDAO">
		<property name="factory" ref="mySessionFactory" />
	</bean>
	<bean id="heDieuHanhDAO" class="qt.dao.HeDieuHanhDAO">
		<property name="factory" ref="mySessionFactory" />
	</bean>
	<bean id="phongCachDAO" class="qt.dao.PhongCachDAO">
		<property name="factory" ref="mySessionFactory" />
	</bean>
	<bean id="loaiMangDAO" class="qt.dao.LoaiMangDAO">
		<property name="factory" ref="mySessionFactory" />
	</bean>
	<bean id="tinhTrangSanPhamDAO" class="qt.dao.TinhTrangSanPhamDAO">
		<property name="factory" ref="mySessionFactory" />
	</bean>
	<bean id="trangThaiDonHangDAO" class="qt.dao.TrangThaiDonHangDAO">
		<property name="factory" ref="mySessionFactory" />
	</bean>
	<bean id="hinhThucThanhToanDAO" class="qt.dao.HinhThucThanhToanDAO">
		<property name="factory" ref="mySessionFactory" />
	</bean>
	<bean id="loaiPhuKienDAO" class="qt.dao.LoaiPhuKienDAO">
		<property name="factory" ref="mySessionFactory" />
	</bean>
	<bean id="nhaCungCapDAO" class="qt.dao.NhaCungCapDAO">
		<property name="factory" ref="mySessionFactory" />
	</bean>
	<bean id="nhanXetDienThoaiDAO" class="qt.dao.NhanXetDienThoaiDAO">
		<property name="factory" ref="mySessionFactory" />
	</bean>
	<bean id="tinGiamGiaPhuKienDAO" class="qt.dao.TinGiamGiaPhuKienDAO">
		<property name="factory" ref="mySessionFactory" />
	</bean>
	<bean id="chiTietHinhAnhDAO" class="qt.dao.ChiTietHinhAnhDAO">
		<property name="factory" ref="mySessionFactory" />
	</bean>
	<bean id="phieuNhapDienThoaiDAO" class="qt.dao.PhieuNhapDienThoaiDAO">
		<property name="factory" ref="mySessionFactory" />
	</bean>
	<bean id="chiTietPhieuNhapDienThoaiDAO" class="qt.dao.ChiTietPhieuNhapDienThoaiDAO">
		<property name="factory" ref="mySessionFactory" />
	</bean>
	<bean id="phieuNhapPhuKienDAO" class="qt.dao.PhieuNhapPhuKienDAO">
		<property name="factory" ref="mySessionFactory" />
	</bean>
	<bean id="chiTietPhieuNhapPhuKienDAO" class="qt.dao.ChiTietPhieuNhapPhuKienDAO">
		<property name="factory" ref="mySessionFactory" />
	</bean>
	<bean id="chiTietTinKhuyenMaiDienThoaiDAO" class="qt.dao.ChiTietTinKhuyenMaiDienThoaiDAO">
		<property name="factory" ref="mySessionFactory" />
	</bean>
	<bean id="donHangDAO" class="qt.dao.DonHangDAO">
		<property name="factory" ref="mySessionFactory" />
	</bean>
	<bean id="chiTietDonHangDAO" class="qt.dao.ChiTietDonHangDAO">
		<property name="factory" ref="mySessionFactory" />
	</bean>
	<bean id="phuKienDAO" class="qt.dao.PhuKienDAO">
		<property name="factory" ref="mySessionFactory" />
	</bean>
	<bean id="accountDAO" class="qt.dao.AccountDAO">
		<property name="factory" ref="mySessionFactory" />
	</bean>
	<bean id="nhanVienDAO" class="qt.dao.NhanVienDAO">
		<property name="factory" ref="mySessionFactory" />
	</bean>
	<bean id="nhanVienBanHangDAO" class="qt.dao.NhanVienBanHangDAO">
		<property name="factory" ref="mySessionFactory" />
	</bean>
	<bean id="nhanVienQuanLyDAO" class="qt.dao.NhanVienQuanLyDAO">
		<property name="factory" ref="mySessionFactory" />
	</bean>
	<bean id="nhanVienQuanTriDAO" class="qt.dao.NhanVienQuanTriDAO">
		<property name="factory" ref="mySessionFactory" />
	</bean>
	<bean id="sanPhamDAO" class="qt.dao.SanPhamDAO">
		<property name="factory" ref="mySessionFactory" />
	</bean>
	<bean id="tinKhuyenMaiDienThoaiDAO" class="qt.dao.TinKhuyenMaiDienThoaiDAO">
		<property name="factory" ref="mySessionFactory" />
	</bean>
	<bean id="tinhNangNoiBatDAO" class="qt.dao.TinhNangNoiBatDAO">
		<property name="factory" ref="mySessionFactory" />
	</bean>
	<bean id="dongSanPhamDAO" class="qt.dao.DongSanPhamDAO">
		<property name="factory" ref="mySessionFactory" />
	</bean>

	<!-- =================================================================== -->
	<!-- BUS bean -->
	<!-- =================================================================== -->
	<bean id="congTyBUS" class="qt.bus.CongTyBUS">
		<property name="congTyDAO" ref="congTyDAO"/>
	</bean>
	<bean id="accountBUS" class="qt.bus.AccountBUS">
		<property name="accountDAO" ref="accountDAO" />
	</bean>
	<bean id="chiTietDonHangBUS" class="qt.bus.ChiTietDonHangBUS">
		<property name="chiTietDonHangDAO" ref="chiTietDonHangDAO" />
	</bean>
	<bean id="chiTietHinhAnhBUS" class="qt.bus.ChiTietHinhAnhBUS">
		<property name="chiTietHinhAnhDAO" ref="chiTietHinhAnhDAO" />
	</bean>
	<bean id="chiTietPhieuNhapDienThoaiBUS" class="qt.bus.ChiTietPhieuNhapDienThoaiBUS">
		<property name="chiTietPhieuNhapDienThoaiDAO" ref="chiTietPhieuNhapDienThoaiDAO" />
	</bean>
	<bean id="chiTietPhieuNhapPhuKienBUS" class="qt.bus.ChiTietPhieuNhapPhuKienBUS">
		<property name="chiTietPhieuNhapPhuKienDAO" ref="chiTietPhieuNhapPhuKienDAO" />
	</bean>
	<bean id="chiTietTinKhuyenMaiDienThoaiBUS" class="qt.bus.ChiTietTinKhuyenMaiDienThoaiBUS">
		<property name="chiTietTinKhuyenMaiDienThoaiDAO" ref="chiTietTinKhuyenMaiDienThoaiDAO" />
	</bean>
	<bean id="dienThoaiBUS" class="qt.bus.DienThoaiBUS">
		<property name="dienThoaiDAO" ref="dienThoaiDAO" />
	</bean>
	<bean id="donHangBUS" class="qt.bus.DonHangBUS">
		<property name="donHangDAO" ref="donHangDAO" />
	</bean>
	<bean id="gopYBUS" class="qt.bus.GopYBUS">
		<property name="gopYDAO" ref="gopYDAO" />
	</bean>
	<bean id="hangDienThoaiBUS" class="qt.bus.HangDienThoaiBUS">
		<property name="hangDienThoaiDAO" ref="hangDienThoaiDAO" />
	</bean>
	<bean id="heDieuHanhBUS" class="qt.bus.HeDieuHanhBUS">
		<property name="heDieuHanhDAO" ref="heDieuHanhDAO" />
	</bean>
	<bean id="hinhThucThanhToanBUS" class="qt.bus.HinhThucThanhToanBUS">
		<property name="hinhThucThanhToanDAO" ref="hinhThucThanhToanDAO" />
	</bean>
	<bean id="khachHangBUS" class="qt.bus.KhachHangBUS">
		<property name="khachHangDAO" ref="khachHangDAO" />
	</bean>
	<bean id="kieuDangBUS" class="qt.bus.KieuDangBUS">
		<property name="kieuDangDAO" ref="kieuDangDAO" />
	</bean>
	<bean id="loaiMangBUS" class="qt.bus.LoaiMangBUS">
		<property name="loaiMangDAO" ref="loaiMangDAO" />
	</bean>
	<bean id="loaiPhuKienBUS" class="qt.bus.LoaiPhuKienBUS">
		<property name="loaiPhuKienDAO" ref="loaiPhuKienDAO" />
	</bean>
	<bean id="loaiTinTucBUS" class="qt.bus.LoaiTinTucBUS">
		<property name="loaiTinTucDAO" ref="loaiTinTucDAO" />
	</bean>
	<bean id="nhaCungCapBUS" class="qt.bus.NhaCungCapBUS">
		<property name="nhaCungCapDAO" ref="nhaCungCapDAO" />
	</bean>
	<bean id="nhanVienBUS" class="qt.bus.NhanVienBUS">
		<property name="nhanVienDAO" ref="nhanVienDAO" />
	</bean>
	<bean id="nhanVienBanHangBUS" class="qt.bus.NhanVienBanHangBUS">
		<property name="nhanVienBanHangDAO" ref="nhanVienBanHangDAO" />
	</bean>
	<bean id="nhanVienQuanLyBUS" class="qt.bus.NhanVienQuanLyBUS">
		<property name="nhanVienQuanLyDAO" ref="nhanVienQuanLyDAO" />
	</bean>
	<bean id="nhanVienQuanTriBUS" class="qt.bus.NhanVienQuanTriBUS">
		<property name="nhanVienQuanTriDAO" ref="nhanVienQuanTriDAO" />
	</bean>
	<bean id="nhanXetDienThoaiBUS" class="qt.bus.NhanXetDienThoaiBUS">
		<property name="nhanXetDienThoaiDAO" ref="nhanXetDienThoaiDAO" />
	</bean>
	<bean id="phieuNhapDienThoaiBUS" class="qt.bus.PhieuNhapDienThoaiBUS">
		<property name="phieuNhapDienThoaiDAO" ref="phieuNhapDienThoaiDAO" />
	</bean>
	<bean id="phieuNhapPhuKienBUS" class="qt.bus.PhieuNhapPhuKienBUS">
		<property name="phieuNhapPhuKienDAO" ref="phieuNhapPhuKienDAO" />
	</bean>
	<bean id="phongCachBUS" class="qt.bus.PhongCachBUS">
		<property name="phongCachDAO" ref="phongCachDAO" />
	</bean>
	<bean id="phuKienBUS" class="qt.bus.PhuKienBUS">
		<property name="phuKienDAO" ref="phuKienDAO" />
	</bean>
	<bean id="sanPhamBUS" class="qt.bus.SanPhamBUS">
		<property name="sanPhamDAO" ref="sanPhamDAO" />
	</bean>
	<bean id="tinGiamGiaPhuKienBUS" class="qt.bus.TinGiamGiaPhuKienBUS">
		<property name="tinGiamGiaPhuKienDAO" ref="tinGiamGiaPhuKienDAO" />
	</bean>
	<bean id="tinhNangNoiBatBUS" class="qt.bus.TinhNangNoiBatBUS">
		<property name="tinhNangNoiBatDAO" ref="tinhNangNoiBatDAO" />
	</bean>
	<bean id="tinhTrangSanPhamBUS" class="qt.bus.TinhTrangSanPhamBUS">
		<property name="tinhTrangSanPhamDAO" ref="tinhTrangSanPhamDAO" />
	</bean>
	<bean id="tinKhuyenMaiDienThoaiBUS" class="qt.bus.TinKhuyenMaiDienThoaiBUS">
		<property name="tinKhuyenMaiDienThoaiDAO" ref="tinKhuyenMaiDienThoaiDAO" />
	</bean>
	<bean id="tinTucBUS" class="qt.bus.TinTucBUS">
		<property name="tinTucDAO" ref="tinTucDAO" />
	</bean>
	<bean id="trangThaiDonHangBUS" class="qt.bus.TrangThaiDonHangBUS">
		<property name="trangThaiDonHangDAO" ref="trangThaiDonHangDAO" />
	</bean>
	<bean id="trangThaiGopYBUS" class="qt.bus.TrangThaiGopYBUS">
		<property name="trangThaiGopYDAO" ref="trangThaiGopYDAO" />
	</bean>
	<bean id="dongSanPhamBUS" class="qt.bus.DongSanPhamBUS">
		<property name="dongSanPhamDAO" ref="dongSanPhamDAO"/>
	</bean>
	
	<!-- =================================================================== -->
	<!-- Handler Mapping -->
	<!-- =================================================================== -->
	<bean name="/phoneList.html" class="qt.web.PhoneListController">
		<property name="dienThoaiBUS" ref="dienThoaiBUS"/>
	</bean>

	<bean name="/home.html" class="qt.web.ProductListController">
		<property name="dienThoaiBUS" ref="dienThoaiBUS"/>
		<property name="phuKienBUS" ref="phuKienBUS"/>
		<property name="loaiPhuKienBUS" ref="loaiPhuKienBUS"/>
	</bean>
	
	<bean name="/phoneListByBrand.html" class="qt.web.PhoneListByBrandController">
		<property name="dongSanPhamBUS" ref="dongSanPhamBUS"/>
	</bean>
	
	<bean name="/accessoryList.html" class="qt.web.AccessoryListController">
		<property name="loaiPhuKienBUS" ref="loaiPhuKienBUS"/>
	</bean>
	
	<bean name="/quickSearch.html" class="qt.web.QuickSearchController">
        <property name="dienThoaiBUS" ref="dienThoaiBUS"/>
        <property name="hangDienThoaiBUS" ref="hangDienThoaiBUS"/>
	</bean>
	
	<bean name="/searchByStyle.html" class="qt.web.SearchByStyleController">
		<property name="dienThoaiBUS" ref="dienThoaiBUS"/>
		<property name="phongCachBUS" ref="phongCachBUS"/>
	</bean>
	
	<bean name="/searchByDesign.html" class="qt.web.SearchByDesignController">
		<property name="dienThoaiBUS" ref="dienThoaiBUS"/>
		<property name="kieuDangBUS" ref="kieuDangBUS"/>
	</bean>
	
	<bean name="/searchByFunctionality.html" class="qt.web.SearchByFunctionalityController">
		<property name="dienThoaiBUS" ref="dienThoaiBUS"/>
	</bean>
	
	<bean name="/searchByAccessoryType.html" class="qt.web.SearchByAccessoryTypeController">
		<property name="loaiPhuKienBUS" ref="loaiPhuKienBUS"/>
		<property name="phuKienBUS" ref="phuKienBUS"/>
	</bean>
	
	<bean name="/searchByPhoneBrand.html" class="qt.web.SearchByPhoneBrandController">
		<property name="dienThoaiBUS" ref="dienThoaiBUS"/>
		<property name="dongSanPhamBUS" ref="dongSanPhamBUS"/>
	</bean>
	
	<bean name="/advancedSearch.html" class="qt.web.AdvancedSearchFormController">
		<property name="sessionForm" value="true"/>
		<!-- Command used for binding -->
		<property name="commandName" value="phoneCriteria"/>
		<property name="commandClass" value="qt.dto.PhoneCriteria"/>
		<!-- Form view -->
		<property name="formView" value="advancedSearch"/>
		<!-- Display search result on the same form -->
		<property name="successView" value="advancedSearch"/>
		
		<property name="dienThoaiBUS" ref="dienThoaiBUS"/>
	</bean>
	
	<bean name="/phoneDetails.html" class="qt.web.PhoneDetailController">
		<property name="dienThoaiBUS" ref="dienThoaiBUS"/>
	</bean>
	
	<bean name="/accessoryDetails.html" class="qt.web.AccessoryDetailController">
		<property name="phuKienBUS" ref="phuKienBUS"/>
	</bean>
	
	<bean name="/login.html" class="qt.web.LoginController">
		<property name="accountBUS" ref="accountBUS"/>
	</bean>
	
	<bean name="/logout.html" class="qt.web.LogoutController"></bean>
	
	<!-- Validator for register form -->
	<bean name="registorValidator" class="qt.bus.validator.RegisterValidator">
		<property name="accountBUS" ref="accountBUS"/>
	</bean>
	
	<!-- Register form -->
	<bean name="/register.html" class="qt.web.RegisterFormController">
		<property name="sessionForm" value="true"/>
		<!-- Command used for binding -->
		<property name="commandName" value="khachHang"/>
		<property name="commandClass" value="qt.dto.KhachHang"/>
		<!-- Validator -->
		<property name="validator" ref="registorValidator"/>
		<!-- Form view -->
		<property name="formView" value="register"/>
		<property name="successView" value="home.html"/>
		
		<!-- Service object -->
		<property name="khachHangBUS" ref="khachHangBUS"/>
	</bean>
	
	<bean name="/addToCart.html" class="qt.web.user.AddToCartController">
		<property name="sanPhamBUS" ref="sanPhamBUS"/>
	</bean>
	
	<bean name="/updateCartItem.html" class="qt.web.user.UpdateCartItemController"/>
	<bean name="/removeFromCart.html" class="qt.web.user.RemoveFromCartController"/>
	<bean name="/viewCart.html" class="qt.web.user.ViewCartController"/>
	<bean name="/viewAccount.html" class="qt.web.user.AccountController">
		<property name="khachHangBUS" ref="khachHangBUS"/>
	</bean>
	
	<!-- Validator for update account form -->
	<bean name="updateAccountValidator" class="qt.bus.validator.UpdateAccountValidator">
		<property name="khachHangBUS" ref="khachHangBUS"/>
	</bean>
	
	<!-- update account form -->
	<bean name="/updateAccount.html" class="qt.web.user.UpdateAccountFormController">
		<property name="sessionForm" value="true"/>
		<!-- Command used for binding -->
		<property name="commandName" value="khachHang"/>
		<property name="commandClass" value="qt.dto.KhachHang"/>
		<!-- Validator -->
		<property name="validator" ref="updateAccountValidator"/>
		<!-- Form view -->
		<property name="formView" value="user/updateAccount"/>
		<property name="successView" value="user/updateAccount"/>
		<!-- Service object -->
		<property name="khachHangBUS" ref="khachHangBUS"/>
	</bean>
	
	<!-- Validator for update account form -->
	<bean name="changeUserPasswordValidator" class="qt.bus.validator.ChangeUserPasswordValidator">
		<property name="khachHangBUS" ref="khachHangBUS"/>
	</bean>
	
	<!-- change user password form -->
	<bean name="/changeUserPassword.html" class="qt.web.user.ChangePasswordFormController">
		<property name="sessionForm" value="true"/>
		<!-- Command used for binding -->
		<property name="commandName" value="khachHang"/>
		<property name="commandClass" value="qt.dto.KhachHang"/>
		<!-- Validator -->
		<property name="validator" ref="changeUserPasswordValidator"/>
		<!-- Form view -->
		<property name="formView" value="user/changePassword"/>
		<property name="successView" value="user/changePassword"/>
		
		<!-- Service object -->
		<property name="khachHangBUS" ref="khachHangBUS"/>
		<property name="accountBUS" ref="accountBUS"/>
	</bean>
	
	<!-- Validator for suggestion form -->
	<bean name="suggestionValidator" class="qt.bus.validator.SuggestionValidator"/>
	
	<!-- add new user's suggestion form -->
	<bean name="/addSuggestion.html" class="qt.web.user.SuggestionFormController">
		<property name="sessionForm" value="true"/>
		<!-- Command used for binding -->
		<property name="commandName" value="gopY"/>
		<property name="commandClass" value="qt.dto.GopY"/>
		<!-- Validator -->
		<property name="validator" ref="suggestionValidator"/>
		<!-- Form view -->
		<property name="formView" value="user/addSuggestion"/>
		<property name="successView" value="user/addSuggestion"/>
		
		<property name="gopYBUS" ref="gopYBUS"/>
		<property name="trangThaiGopYBUS" ref="trangThaiGopYBUS"/>
		<property name="khachHangBUS" ref="khachHangBUS"/>
	</bean>
	
	<bean name="/viewSuggestionList.html" class="qt.web.user.ViewSuggestionListController">
		<property name="gopYBUS" ref="gopYBUS"/>
	</bean>
	
	<bean name="/requiredLogin.html" class="qt.web.RequiredLoginController"/>
	<bean name="/employee/requiredLogin.html" class="qt.web.RequiredLoginController"/>
	<bean name="/removeAllCartItems.html" class="qt.web.user.RemoveAllCartItemsController"/>
	
	<bean name="addBillValidator" class="qt.bus.validator.AddBillValidator"/>
	
	<!-- add new bill form -->
	<bean name="/addBill.html" class="qt.web.user.AddBillFormController">
		<property name="sessionForm" value="true"/>
		<!-- Command used for binding -->
		<property name="commandName" value="donHang"/>
		<property name="commandClass" value="qt.dto.DonHang"/>
		<!-- Validator -->
		<property name="validator" ref="addBillValidator"/>
		<!-- Form view -->
		<property name="formView" value="user/addBill"/>
		<property name="successView" value="user/addBill"/>
		
		<property name="trangThaiDonHangBUS" ref="trangThaiDonHangBUS"/>
		<property name="donHangBUS" ref="donHangBUS"/>
		<property name="khachHangBUS" ref="khachHangBUS"/>
	</bean>
	
	<bean name="/viewBill.html" class="qt.web.user.ViewBillController">
		<property name="donHangBUS" ref="donHangBUS"/>
	</bean>
	
	<bean name="/deleteBill.html" class="qt.web.user.DeleteBillController">
		<property name="donHangBUS" ref="donHangBUS"/>
	</bean>
	
	<!-- ============================================================================= -->
	<!-- Employee -->
	<!-- ============================================================================= -->
	<bean name="/manageBill.html" class="qt.web.employee.ViewBillController">
		<property name="donHangBUS" ref="donHangBUS"/>
	</bean>
	
	<bean name="/manageBillPaging.html" class="qt.web.employee.ViewBillWithPagingController">
		<property name="donHangBUS" ref="donHangBUS"/>
	</bean>
	
	<bean name="/updateBillStatus.html" class="qt.web.employee.UpdateBillStatusController">
		<property name="donHangBUS" ref="donHangBUS"/>
		<property name="trangThaiDonHangBUS" ref="trangThaiDonHangBUS"/>
	</bean>
	<bean name="/updateOneBill.html" class="qt.web.employee.UpdateOneBillController"/>
	
	
	<bean name="/viewEmployeeAccount.html" class="qt.web.employee.AccountController">
		<property name="nhanVienBUS" ref="nhanVienBUS"/>
	</bean>
	
	<bean name="changeEmployeePasswordValidator" class="qt.bus.validator.ChangeEmployeePasswordValidator">
		<property name="nhanVienBUS" ref="nhanVienBUS"/>
	</bean>
	
	<!-- change employee password form -->
	<bean name="/changeEmployeePassword.html" class="qt.web.employee.ChangeEmployeePasswordFormController">
		<property name="sessionForm" value="true"/>
		<!-- Command used for binding -->
		<property name="commandName" value="nhanVien"/>
		<property name="commandClass" value="qt.dto.NhanVien"/>
		<!-- Validator -->
		<property name="validator" ref="changeEmployeePasswordValidator"/>
		<!-- Form view -->
		<property name="formView" value="employee/changePassword"/>
		<property name="successView" value="employee/changePassword"/>
		
		<!-- Service object -->
		<property name="nhanVienBUS" ref="nhanVienBUS"/>
		<property name="accountBUS" ref="accountBUS"/>
	</bean>
	
	<!-- Ajax: set product visibility -->
	<bean name="/setVisibility.html" class="qt.web.employee.ajax.SetVisibilityProductController">
		<property name="sanPhamBUS" ref="sanPhamBUS"/>
	</bean>
	
	<bean name="/manageSuggestion.html" class="qt.web.employee.ViewSugesstionController">
		<property name="gopYBUS" ref="gopYBUS"/>
	</bean>
	
	<!-- Ajax: set suggestion status -->
	<bean name="/setSuggestionStatus.html" class="qt.web.employee.ajax.SetSuggestionStatusController">
		<property name="gopYBUS" ref="gopYBUS"/>
		<property name="trangThaiGopYBUS" ref="trangThaiGopYBUS"/>
	</bean>
	
	<bean name="/manageNews.html" class="qt.web.employee.ViewNewsController">
		<property name="tinTucBUS" ref="tinTucBUS"/>
	</bean>
	
	<!-- Ajax: set news type -->
	<bean name="/setNewsType.html" class="qt.web.employee.ajax.SetNewsTypeController">
		<property name="loaiTinTucBUS" ref="loaiTinTucBUS"/>
		<property name="tinTucBUS" ref="tinTucBUS"/>
	</bean>
	
	<!-- Ajax: set news visibility -->
	<bean name="/setNewsVisibility.html" class="qt.web.employee.ajax.SetVisibilityNewsController">
		<property name="tinTucBUS" ref="tinTucBUS"/>
	</bean>
	
	<bean name="/deleteNews.html" class="qt.web.employee.DeleteNewsController">
		<property name="tinTucBUS" ref="tinTucBUS"/>
	</bean>
	
	<!-- Update news validator -->
	<bean name="updateNewsValidator" class="qt.bus.validator.UpdateNewsValidator"/>
	
	<!-- update news form -->
	<bean name="/updateNews.html" class="qt.web.employee.UpdateNewsFormController">
		<property name="sessionForm" value="true"/>
		<!-- Command used for binding -->
		<property name="commandName" value="tinTuc"/>
		<property name="commandClass" value="qt.dto.TinTuc"/>
		<!-- Validator -->
		<property name="validator" ref="updateNewsValidator"/>
		<!-- Form view -->
		<property name="formView" value="employee/updateNews"/>
		<property name="successView" value="employee/updateNews"/>
		<!-- Service object -->
		<property name="tinTucBUS" ref="tinTucBUS"/>
		<property name="loaiTinTucBUS" ref="loaiTinTucBUS"/>
	</bean>	
	
	<!-- update news form -->
	<bean name="/addNews.html" class="qt.web.employee.AddNewsFormController">
		<property name="sessionForm" value="true"/>
		<!-- Command used for binding -->
		<property name="commandName" value="tinTuc"/>
		<property name="commandClass" value="qt.dto.TinTuc"/>
		<!-- Validator -->
		<property name="validator" ref="updateNewsValidator"/>
		<!-- Form view -->
		<property name="formView" value="employee/addNews"/>
		<property name="successView" value="employee/addNews"/>
		<!-- Service object -->
		<property name="tinTucBUS" ref="tinTucBUS"/>
	</bean>	
	
	<!-- Ajax: set comment visibility -->
	<bean name="/setCommentVisibility.html" class="qt.web.employee.ajax.SetCommentVisibilityController">
		<property name="nhanXetDienThoaiBUS" ref="nhanXetDienThoaiBUS"/>
	</bean>
	
	<!-- Add comment validator -->
	<bean name="addCommentValidator" class="qt.bus.validator.AddCommentValidator"/>
	
	<!-- update news form -->
	<bean name="/addComment.html" class="qt.web.AddCommentFormController">
		<property name="sessionForm" value="true"/>
		<!-- Command used for binding -->
		<property name="commandName" value="nhanXetDienThoai"/>
		<property name="commandClass" value="qt.dto.NhanXetDienThoai"/>
		<!-- Validator -->
		<property name="validator" ref="addCommentValidator"/>
		<!-- Form view -->
		<property name="formView" value="addComment"/>
		<property name="successView" value="addComment"/>
		<!-- Service object -->
		<property name="nhanXetDienThoaiBUS" ref="nhanXetDienThoaiBUS"/>
		<property name="dienThoaiBUS" ref="dienThoaiBUS"/>
		<property name="khachHangBUS" ref="khachHangBUS"/>
	</bean>	
	
	<bean name="/viewCommentByUser.html" class="qt.web.employee.ViewCommentByUserController">
		<property name="nhanXetDienThoaiBUS" ref="nhanXetDienThoaiBUS"/>
	</bean>
	
	<bean name="/viewCompanyInfo.html" class="qt.web.admin.ViewCompanyInfoController">
		<property name="accountBUS" ref="accountBUS"/>
		<property name="congTyBUS" ref="congTyBUS"/>
	</bean>
	
	<!-- Update company info validator -->
	<bean name="updateCompanyInfoValidator" class="qt.bus.validator.EditCompanyInfoValidator"/>
	
	<!-- update news form -->
	<bean name="/updateCompanyInfo.html" class="qt.web.admin.UpdateCompanyInfoFormController">
		<property name="sessionForm" value="true"/>
		<!-- Command used for binding -->
		<property name="commandName" value="congTy"/>
		<property name="commandClass" value="qt.dto.CongTy"/>
		<!-- Validator -->
		<property name="validator" ref="updateCompanyInfoValidator"/>
		<!-- Form view -->
		<property name="formView" value="admin/editCompanyInfo"/>
		<property name="successView" value="admin/editCompanyInfo"/>
		<!-- Service object -->
		<property name="congTyBUS" ref="congTyBUS"/>
		<property name="accountBUS" ref="accountBUS"/>
	</bean>	
	
	<!-- Add account validation -->
	<bean name="addAccountValidator" class="qt.bus.validator.AddEmployeeAccountValidator">
		<property name="accountBUS" ref="accountBUS"/>
	</bean>
	
	<!-- add new employee account form -->
	<bean name="/addEmployeeAccount.html" class="qt.web.admin.AddNewEmployeeAccountFormController">
		<property name="sessionForm" value="true"/>
		<!-- Command used for binding -->
		<property name="commandName" value="nhanVien"/>
		<property name="commandClass" value="qt.dto.NhanVien"/>
		<!-- Validator -->
		<property name="validator" ref="addAccountValidator"/>
		<!-- Form view -->
		<property name="formView" value="admin/createEmployeeAccount"/>
		<property name="successView" value="admin/createEmployeeAccount"/>
		<!-- Service object -->
		<property name="nhanVienBUS" ref="nhanVienBUS"/>
		<property name="accountBUS" ref="accountBUS"/>
	</bean>
	
	<bean name="/viewAccounts.html" class="qt.web.admin.ViewAccountsController">
		<property name="accountBUS" ref="accountBUS"/>
	</bean>
</beans>
